2026-03-18 12:33:22 |
                level=INFO  |
                requestId= |
                method= |
                path= |
                thread=background-preinit |
                logger=o.h.validator.internal.util.Version |
                msg=HV000001: Hibernate Validator 9.0.1.Final
2026-03-18 12:33:22 |
                level=INFO  |
                requestId= |
                method= |
                path= |
                thread=main |
                logger=c.m.j.JobschedulerApplicationTests |
                msg=Starting JobschedulerApplicationTests using Java 17.0.12 with PID 14108 (started by ayush.bansal.in in C:\Users\ayush.bansal.in\Downloads\jobscheduler\jobscheduler)
2026-03-18 12:33:22 |
                level=INFO  |
                requestId= |
                method= |
                path= |
                thread=main |
                logger=c.m.j.JobschedulerApplicationTests |
                msg=No active profile set, falling back to 1 default profile: "default"
2026-03-18 12:33:23 |
                level=INFO  |
                requestId= |
                method= |
                path= |
                thread=main |
                logger=o.s.d.r.c.RepositoryConfigurationDelegate |
                msg=Bootstrapping Spring Data JPA repositories in DEFAULT mode.
2026-03-18 12:33:23 |
                level=INFO  |
                requestId= |
                method= |
                path= |
                thread=main |
                logger=o.s.d.r.c.RepositoryConfigurationDelegate |
                msg=Finished Spring Data repository scanning in 106 ms. Found 3 JPA repository interfaces.
2026-03-18 12:33:24 |
                level=INFO  |
                requestId= |
                method= |
                path= |
                thread=main |
                logger=org.hibernate.orm.jpa |
                msg=HHH008540: Processing PersistenceUnitInfo [name: default]
2026-03-18 12:33:24 |
                level=INFO  |
                requestId= |
                method= |
                path= |
                thread=main |
                logger=org.hibernate.orm.core |
                msg=HHH000001: Hibernate ORM core version 7.2.4.Final
2026-03-18 12:33:25 |
                level=INFO  |
                requestId= |
                method= |
                path= |
                thread=main |
                logger=o.s.o.j.p.SpringPersistenceUnitInfo |
                msg=No LoadTimeWeaver setup: ignoring JPA class transformer
2026-03-18 12:33:25 |
                level=INFO  |
                requestId= |
                method= |
                path= |
                thread=main |
                logger=com.zaxxer.hikari.HikariDataSource |
                msg=HikariPool-1 - Starting...
2026-03-18 12:33:25 |
                level=INFO  |
                requestId= |
                method= |
                path= |
                thread=main |
                logger=com.zaxxer.hikari.pool.HikariPool |
                msg=HikariPool-1 - Added connection com.mysql.cj.jdbc.ConnectionImpl@44c2e8a8
2026-03-18 12:33:25 |
                level=INFO  |
                requestId= |
                method= |
                path= |
                thread=main |
                logger=com.zaxxer.hikari.HikariDataSource |
                msg=HikariPool-1 - Start completed.
2026-03-18 12:33:26 |
                level=INFO  |
                requestId= |
                method= |
                path= |
                thread=main |
                logger=o.hibernate.orm.connections.pooling |
                msg=HHH10001005: Database info:
	Database JDBC URL [jdbc:mysql://localhost:3306/jobscheduler?serverTimezone=Asia/Kolkata]
	Database driver: MySQL Connector/J
	Database dialect: MySQLDialect
	Database version: 8.0.42
	Default catalog/schema: jobscheduler/undefined
	Autocommit mode: undefined/unknown
	Isolation level: REPEATABLE_READ [default REPEATABLE_READ]
	JDBC fetch size: none
	Pool: DataSourceConnectionProvider
	Minimum pool size: undefined/unknown
	Maximum pool size: undefined/unknown
2026-03-18 12:33:27 |
                level=INFO  |
                requestId= |
                method= |
                path= |
                thread=main |
                logger=org.hibernate.orm.core |
                msg=HHH000489: No JTA platform available (set 'hibernate.transaction.jta.platform' to enable JTA platform integration)
2026-03-18 12:33:27 |
                level=INFO  |
                requestId= |
                method= |
                path= |
                thread=main |
                logger=o.s.o.j.LocalContainerEntityManagerFactoryBean |
                msg=Initialized JPA EntityManagerFactory for persistence unit 'default'
2026-03-18 12:33:27 |
                level=INFO  |
                requestId= |
                method= |
                path= |
                thread=main |
                logger=o.s.d.j.r.q.QueryEnhancerFactories |
                msg=Hibernate is in classpath; If applicable, HQL parser will be used.
2026-03-18 12:33:28 |
                level=WARN  |
                requestId= |
                method= |
                path= |
                thread=main |
                logger=o.s.b.j.a.JpaBaseConfiguration$JpaWebConfiguration |
                msg=spring.jpa.open-in-view is enabled by default. Therefore, database queries may be performed during view rendering. Explicitly configure spring.jpa.open-in-view to disable this warning
2026-03-18 12:33:28 |
                level=WARN  |
                requestId= |
                method= |
                path= |
                thread=main |
                logger=o.s.b.s.a.UserDetailsServiceAutoConfiguration |
                msg=

Using generated security password: 2ee582d6-9ac4-4e3e-95d8-0bbeb694d8e5

This generated password is for development use only. Your security configuration must be updated before running your application in production.

2026-03-18 12:33:29 |
                level=INFO  |
                requestId= |
                method= |
                path= |
                thread=main |
                logger=o.s.s.c.a.a.c.InitializeUserDetailsBeanManagerConfigurer$InitializeUserDetailsManagerConfigurer |
                msg=Global AuthenticationManager configured with UserDetailsService bean with name inMemoryUserDetailsManager
2026-03-18 12:33:29 |
                level=INFO  |
                requestId= |
                method= |
                path= |
                thread=main |
                logger=c.m.j.JobschedulerApplicationTests |
                msg=Started JobschedulerApplicationTests in 7.759 seconds (process running for 9.548)
2026-03-18 12:33:29 |
                level=INFO  |
                requestId= |
                method= |
                path= |
                thread=scheduling-1 |
                logger=c.m.j.j.s.JobSchedulerProcessor |
                msg=Checking for pending jobs at 2026-03-18T12:33:29.649277500
2026-03-18 12:33:30 |
                level=INFO  |
                requestId= |
                method= |
                path= |
                thread=scheduling-1 |
                logger=c.m.j.j.s.JobSchedulerProcessor |
                msg=Jobs found: 1
2026-03-18 12:33:30 |
                level=INFO  |
                requestId= |
                method= |
                path= |
                thread=scheduling-1 |
                logger=c.m.j.j.s.JobSchedulerProcessor |
                msg=Executing job: 7f5c84a3-a400-4890-995f-0ad9bc0ec13e
2026-03-18 12:33:31 |
                level=INFO  |
                requestId= |
                method= |
                path= |
                thread=scheduling-1 |
                logger=c.m.j.job.executor.JobExecutor |
                msg=Webhook response status=200 OK
2026-03-18 12:33:31 |
                level=INFO  |
                requestId= |
                method= |
                path= |
                thread=scheduling-1 |
                logger=c.m.j.job.executor.JobExecutor |
                msg=Job executed successfully: 7f5c84a3-a400-4890-995f-0ad9bc0ec13e
2026-03-18 12:33:31 |
                level=INFO  |
                requestId= |
                method= |
                path= |
                thread=SpringApplicationShutdownHook |
                logger=o.s.o.j.LocalContainerEntityManagerFactoryBean |
                msg=Closing JPA EntityManagerFactory for persistence unit 'default'
2026-03-18 12:33:31 |
                level=INFO  |
                requestId= |
                method= |
                path= |
                thread=SpringApplicationShutdownHook |
                logger=com.zaxxer.hikari.HikariDataSource |
                msg=HikariPool-1 - Shutdown initiated...
2026-03-18 12:33:31 |
                level=INFO  |
                requestId= |
                method= |
                path= |
                thread=SpringApplicationShutdownHook |
                logger=com.zaxxer.hikari.HikariDataSource |
                msg=HikariPool-1 - Shutdown completed.
